000: 00000 | 0a 01 00 00 ff ff ff ff                           | jmp programmStart
001: 00008 |                                                   | intro:
002: 00008 | 14 04 30 04 3d 04 3d 04 30 04 4f 04 20 00 3f 04 + | db "Данная программа решает квадратные уравнения в виде ax^2 + bx + c"
           | 40 04 3e 04 33 04 40 04 30 04 3c 04 3c 04 30 04 + | 
           | 20 00 40 04 35 04 48 04 30 04 35 04 42 04 20 00 + | 
           | 3a 04 32 04 30 04 34 04 40 04 30 04 42 04 3d 04 + | 
           | 4b 04 35 04 20 00 43 04 40 04 30 04 32 04 3d 04 + | 
           | 35 04 3d 04 38 04 4f 04 20 00 32 04 20 00 32 04 + | 
           | 38 04 34 04 35 04 20 00 61 00 78 00 5e 00 32 00 + | 
           | 20 00 2b 00 20 00 62 00 78 00 20 00 2b 00 20 00 + | 
           | 63 00 00 00                                       | 
003: 0008c |                                                   | inputA:
004: 0008c | 0a 00 12 04 32 04 35 04 34 04 38 04 42 04 35 04 + | db "\nВведите a: "
           | 20 00 61 00 3a 00 20 00 00 00                     | 
005: 000a6 |                                                   | inputB:
006: 000a6 | 0a 00 12 04 32 04 35 04 34 04 38 04 42 04 35 04 + | db "\nВведите b: "
           | 20 00 62 00 3a 00 20 00 00 00                     | 
007: 000c0 |                                                   | inputC:
008: 000c0 | 0a 00 12 04 32 04 35 04 34 04 38 04 42 04 35 04 + | db "\nВведите c: "
           | 20 00 63 00 3a 00 20 00 00 00                     | 
009: 000da |                                                   | noSolutions:
010: 000da | 0a 00 23 04 40 04 30 04 32 04 3d 04 35 04 3d 04 + | db "\nУравнение не имеет решений\n"
           | 38 04 35 04 20 00 3d 04 35 04 20 00 38 04 3c 04 + | 
           | 35 04 35 04 42 04 20 00 40 04 35 04 48 04 35 04 + | 
           | 3d 04 38 04 39 04 0a 00 00 00                     | 
011: 00114 |                                                   | oneSolution:
012: 00114 | 0a 00 23 04 40 04 30 04 32 04 3d 04 35 04 3d 04 + | db "\nУравнение имеет одно решение: \n"
           | 38 04 35 04 20 00 38 04 3c 04 35 04 35 04 42 04 + | 
           | 20 00 3e 04 34 04 3d 04 3e 04 20 00 40 04 35 04 + | 
           | 48 04 35 04 3d 04 38 04 35 04 3a 00 20 00 0a 00 + | 
           | 00 00                                             | 
013: 00156 |                                                   | twoSolutions:
014: 00156 | 0a 00 23 04 40 04 30 04 32 04 3d 04 35 04 3d 04 + | db "\nУравнение имеет два решения: \n"
           | 38 04 35 04 20 00 38 04 3c 04 35 04 35 04 42 04 + | 
           | 20 00 34 04 32 04 30 04 20 00 40 04 35 04 48 04 + | 
           | 35 04 3d 04 38 04 4f 04 3a 00 20 00 0a 00 00 00   | 
015: 00196 |                                                   | programmStart:
016: 00196 | 03 01 00 00 00 00 08 00                           | out intro
017: 0019e | 03 01 00 00 00 00 8c 00                           | out inputA
018: 001a6 | 02 00 00 00                                       | in
019: 001aa | 03 01 00 00 00 00 a6 00                           | out inputB
020: 001b2 | 02 00 00 00                                       | in
021: 001b6 | 03 01 00 00 00 00 c0 00                           | out inputC
022: 001be | 02 00 00 00                                       | in
023: 001c2 | 09 02 00 00 00 00 02 00                           | pop cx
024: 001ca | 09 02 00 00 00 00 01 00                           | pop bx
025: 001d2 | 09 02 00 00 00 00 00 00                           | pop ax
026: 001da |                                                   | 
027: 001da | 04 02 00 00 00 00 00 00                           | push ax
028: 001e2 | 04 01 00 00 00 00 00 00                           | push 0
029: 001ea | 10 01 00 00 ff ff ff ff                           | jne quadratic
030: 001f2 |                                                   | 
031: 001f2 | 04 01 00 00 00 00 00 00                           | push 0
032: 001fa | 04 02 00 00 00 00 02 00                           | push cx
033: 00202 | 06 00 00 00                                       | sub
034: 00206 | 04 02 00 00 00 00 01 00                           | push bx
035: 0020e | 04 01 00 00 00 00 00 00                           | push 0
036: 00216 | 10 01 00 00 ff ff ff ff                           | jne linear
037: 0021e | 03 01 00 00 00 00 da 00                           | out noSolutions
038: 00226 | 01 00 00 00                                       | hlt
039: 0022a |                                                   | 
040: 0022a |                                                   | linear:
041: 0022a | 04 02 00 00 00 00 01 00                           | push bx
042: 00232 | 08 00 00 00                                       | div
043: 00236 |                                                   | 
044: 00236 | 03 01 00 00 00 00 14 01                           | out oneSolution
045: 0023e | 03 00 00 00                                       | out
046: 00242 |                                                   | 
047: 00242 | 01 00 00 00                                       | hlt
048: 00246 |                                                   | 
049: 00246 |                                                   | quadratic:
050: 00246 | 04 02 00 00 00 00 01 00                           | push bx
051: 0024e | 04 02 00 00 00 00 01 00                           | push bx
052: 00256 | 07 00 00 00                                       | mul
053: 0025a | 04 01 00 00 00 00 04 00                           | push 4
054: 00262 | 04 02 00 00 00 00 00 00                           | push ax
055: 0026a | 07 00 00 00                                       | mul 
056: 0026e | 04 02 00 00 00 00 02 00                           | push cx
057: 00276 | 07 00 00 00                                       | mul
058: 0027a | 06 00 00 00                                       | sub
059: 0027e | 09 02 00 00 00 00 03 00                           | pop dx
060: 00286 |                                                   | 
061: 00286 | 04 02 00 00 00 00 03 00                           | push dx
062: 0028e | 04 01 00 00 00 00 00 00                           | push 0
063: 00296 | 0e 01 00 00 ff ff ff ff                           | jbe positiveD
064: 0029e | 03 01 00 00 00 00 da 00                           | out noSolutions
065: 002a6 | 01 00 00 00                                       | hlt
066: 002aa |                                                   | 
067: 002aa |                                                   | positiveD:
068: 002aa | 04 02 00 00 00 00 03 00                           | push dx
069: 002b2 | 11 00 00 00                                       | sqrt
070: 002b6 |                                                   | 
071: 002b6 | 09 02 00 00 00 00 03 00                           | pop dx
072: 002be |                                                   | 
073: 002be | 04 01 00 00 00 00 00 00                           | push 0
074: 002c6 | 04 02 00 00 00 00 01 00                           | push bx
075: 002ce | 06 00 00 00                                       | sub
076: 002d2 | 09 05 00 00 00 00 01 00                           | pop [1]
077: 002da | 04 05 00 00 00 00 01 00                           | push [1]
078: 002e2 |                                                   | 
079: 002e2 | 04 02 00 00 00 00 03 00                           | push dx
080: 002ea | 05 00 00 00                                       | add
081: 002ee | 04 01 00 00 00 00 02 00                           | push 2
082: 002f6 | 04 02 00 00 00 00 00 00                           | push ax
083: 002fe | 07 00 00 00                                       | mul
084: 00302 | 09 05 00 00 00 00 02 00                           | pop [2]
085: 0030a | 04 05 00 00 00 00 02 00                           | push [2]
086: 00312 | 08 00 00 00                                       | div
087: 00316 | 09 05 00 00 00 00 03 00                           | pop [3]
088: 0031e |                                                   | 
089: 0031e | 04 05 00 00 00 00 01 00                           | push [1]
090: 00326 | 04 02 00 00 00 00 03 00                           | push dx
091: 0032e | 06 00 00 00                                       | sub
092: 00332 | 04 05 00 00 00 00 02 00                           | push [2]
093: 0033a | 08 00 00 00                                       | div
094: 0033e | 09 05 00 00 00 00 04 00                           | pop [4]
095: 00346 |                                                   | 
096: 00346 | 04 05 00 00 00 00 03 00                           | push [3]
097: 0034e | 03 00 00 00                                       | out
098: 00352 | 04 02 00 00 00 00 03 00                           | push dx
099: 0035a | 04 01 00 00 00 00 00 00                           | push 0
100: 00362 | 10 01 00 00 ff ff ff ff                           | jne endProgamm
101: 0036a | 04 05 00 00 00 00 04 00                           | push [4]
102: 00372 | 03 00 00 00                                       | out
103: 00376 |                                                   | 
104: 00376 |                                                   | endProgamm:
105: 00376 | 01 00 00 00                                       | hlt
